>>> Sass is watching for changes. Press Ctrl-C to stop.
      write css/custom.css
      write css/custom.css.map
>>> Change detected to: scss/_listings.scss
      write css/custom.css
      write css/custom.css.map
>>> Change detected to: scss/_listings.scss
      write css/custom.css
      write css/custom.css.map
>>> Change detected to: scss/_listings.scss
      write css/custom.css
      write css/custom.css.map
>>> Change detected to: scss/_listings.scss
      write css/custom.css
      write css/custom.css.map
>>> Change detected to: scss/_listings.scss
      write css/custom.css
      write css/custom.css.map
>>> Change detected to: scss/_listings.scss
      write css/custom.css
      write css/custom.css.map
>>> Change detected to: scss/_listings.scss
      write css/custom.css
      write css/custom.css.map
>>> Change detected to: scss/_listings.scss
      write css/custom.css
      write css/custom.css.map
>>> Change detected to: scss/_listings.scss
      write css/custom.css
      write css/custom.css.map
>>> Change detected to: scss/_listings.scss
      write css/custom.css
      write css/custom.css.map
>>> Change detected to: scss/_listings.scss
      write css/custom.css
      write css/custom.css.map
>>> Change detected to: scss/_listings.scss
      write css/custom.css
      write css/custom.css.map
>>> Change detected to: scss/_listings.scss
      write css/custom.css
      write css/custom.css.map
>>> Change detected to: scss/_listings.scss
      write css/custom.css
      write css/custom.css.map
>>> Change detected to: scss/_listings.scss
      write css/custom.css
      write css/custom.css.map
>>> New template detected: scss/mortgage-calc.scss
      write css/mortgage-calc.css
      write css/mortgage-calc.css.map
>>> Change detected to: scss/mortgage-calc.scss
>>> Change detected to: scss/mortgage-calc.scss
      write css/mortgage-calc.css
      write css/mortgage-calc.css.map
>>> Change detected to: scss/mortgage-calc.scss
      write css/mortgage-calc.css
      write css/mortgage-calc.css.map
>>> Change detected to: scss/custom.scss
      write css/custom.css
      write css/custom.css.map
>>> Change detected to: scss/_listings.scss
      write css/custom.css
      write css/custom.css.map
>>> Change detected to: scss/_listings.scss
      write css/custom.css
      write css/custom.css.map
>>> Change detected to: scss/_listings.scss
      write css/custom.css
      write css/custom.css.map
>>> Change detected to: scss/_listings.scss
      write css/custom.css
      write css/custom.css.map
>>> Change detected to: scss/_listings.scss
      write css/custom.css
      write css/custom.css.map
>>> Change detected to: scss/_listings.scss
      write css/custom.css
      write css/custom.css.map
>>> Change detected to: scss/_listings.scss
      write css/custom.css
      write css/custom.css.map
>>> Change detected to: scss/_listings.scss
      write css/custom.css
      write css/custom.css.map
>>> Change detected to: scss/_listings.scss
      write css/custom.css
      write css/custom.css.map
>>> Change detected to: scss/_listings.scss
      write css/custom.css
      write css/custom.css.map
>>> Change detected to: scss/_listings.scss
      write css/custom.css
      write css/custom.css.map
>>> Change detected to: scss/_listings.scss
      write css/custom.css
      write css/custom.css.map
>>> Change detected to: scss/_listings.scss
      write css/custom.css
      write css/custom.css.map
>>> Change detected to: scss/_listings.scss
      write css/custom.css
      write css/custom.css.map
>>> Change detected to: scss/_listings.scss
      write css/custom.css
      write css/custom.css.map
>>> Change detected to: scss/_listings.scss
      write css/custom.css
      write css/custom.css.map
>>> Change detected to: scss/custom.scss
      write css/custom.css
      write css/custom.css.map
>>> Change detected to: scss/custom.scss
      write css/custom.css
      write css/custom.css.map
>>> Change detected to: scss/custom.scss
      write css/custom.css
      write css/custom.css.map
>>> Change detected to: scss/custom.scss
      write css/custom.css
      write css/custom.css.map
>>> Change detected to: scss/custom.scss
      write css/custom.css
      write css/custom.css.map
>>> Change detected to: scss/custom.scss
      write css/custom.css
      write css/custom.css.map
>>> Change detected to: scss/custom.scss
      write css/custom.css
      write css/custom.css.map
>>> Change detected to: scss/custom.scss
>>> Change detected to: scss/custom.scss
      write css/custom.css
      write css/custom.css.map
>>> Change detected to: scss/custom.scss
      write css/custom.css
      write css/custom.css.map
>>> Change detected to: scss/custom.scss
      write css/custom.css
      write css/custom.css.map
>>> Change detected to: scss/custom.scss
      write css/custom.css
      write css/custom.css.map
>>> Change detected to: scss/custom.scss
      write css/custom.css
      write css/custom.css.map
>>> Change detected to: scss/custom.scss
      write css/custom.css
      write css/custom.css.map
>>> Change detected to: scss/custom.scss
      write css/custom.css
      write css/custom.css.map
>>> Change detected to: scss/custom.scss
      write css/custom.css
      write css/custom.css.map
>>> Change detected to: scss/custom.scss
      write css/custom.css
      write css/custom.css.map
>>> Change detected to: scss/custom.scss
      write css/custom.css
      write css/custom.css.map
>>> Change detected to: scss/custom.scss
      write css/custom.css
      write css/custom.css.map
>>> Change detected to: scss/custom.scss
      write css/custom.css
      write css/custom.css.map
>>> Change detected to: scss/custom.scss
      write css/custom.css
      write css/custom.css.map
>>> Change detected to: scss/custom.scss
      write css/custom.css
      write css/custom.css.map
>>> Change detected to: scss/custom.scss
      write css/custom.css
      write css/custom.css.map
>>> Change detected to: scss/custom.scss
      write css/custom.css
      write css/custom.css.map
>>> Change detected to: scss/custom.scss
      write css/custom.css
      write css/custom.css.map
>>> Change detected to: scss/custom.scss
      write css/custom.css
      write css/custom.css.map
>>> Change detected to: scss/custom.scss
      write css/custom.css
      write css/custom.css.map
>>> Change detected to: scss/custom.scss
      write css/custom.css
      write css/custom.css.map
>>> Change detected to: scss/custom.scss
      write css/custom.css
      write css/custom.css.map
>>> Change detected to: scss/custom.scss
      write css/custom.css
      write css/custom.css.map
>>> Change detected to: scss/custom.scss
      write css/custom.css
      write css/custom.css.map
>>> Change detected to: scss/custom.scss
      write css/custom.css
      write css/custom.css.map
>>> Change detected to: scss/custom.scss
      write css/custom.css
      write css/custom.css.map
>>> Change detected to: scss/custom.scss
      write css/custom.css
      write css/custom.css.map
SignalException: SIGTERM
  Use --trace for backtrace.
>>> Sass is watching for changes. Press Ctrl-C to stop.
      write css/custom.css
      write css/custom.css.map
>>> Change detected to: scss/custom.scss
      write css/custom.css
      write css/custom.css.map
>>> Change detected to: scss/custom.scss
      write css/custom.css
      write css/custom.css.map
>>> Change detected to: scss/custom.scss
      write css/custom.css
      write css/custom.css.map
>>> Change detected to: scss/custom.scss
      write css/custom.css
      write css/custom.css.map
>>> Change detected to: scss/custom.scss
      write css/custom.css
      write css/custom.css.map
>>> Change detected to: scss/custom.scss
>>> Change detected to: scss/custom.scss
      write css/custom.css
      write css/custom.css.map
>>> Change detected to: scss/custom.scss
      write css/custom.css
      write css/custom.css.map
>>> Change detected to: scss/custom.scss
      write css/custom.css
      write css/custom.css.map
>>> Change detected to: scss/custom.scss
      write css/custom.css
      write css/custom.css.map
>>> Change detected to: scss/custom.scss
      write css/custom.css
      write css/custom.css.map
>>> Change detected to: scss/custom.scss
      write css/custom.css
      write css/custom.css.map
>>> Change detected to: scss/custom.scss
      write css/custom.css
      write css/custom.css.map
>>> Change detected to: scss/custom.scss
      write css/custom.css
      write css/custom.css.map
>>> Change detected to: scss/custom.scss
      write css/custom.css
      write css/custom.css.map
>>> Change detected to: scss/custom.scss
      write css/custom.css
      write css/custom.css.map
>>> Change detected to: scss/custom.scss
      write css/custom.css
      write css/custom.css.map
>>> Change detected to: scss/custom.scss
      write css/custom.css
      write css/custom.css.map
>>> Change detected to: scss/custom.scss
      write css/custom.css
      write css/custom.css.map
>>> Change detected to: scss/custom.scss
      write css/custom.css
      write css/custom.css.map
>>> Change detected to: scss/custom.scss
      write css/custom.css
      write css/custom.css.map
>>> Change detected to: scss/custom.scss
      write css/custom.css
      write css/custom.css.map
>>> Change detected to: scss/custom.scss
      write css/custom.css
      write css/custom.css.map
>>> Change detected to: scss/custom.scss
      write css/custom.css
      write css/custom.css.map
>>> Change detected to: scss/custom.scss
      write css/custom.css
      write css/custom.css.map
>>> Change detected to: scss/custom.scss
      write css/custom.css
      write css/custom.css.map
>>> Change detected to: scss/custom.scss
      write css/custom.css
      write css/custom.css.map
>>> Change detected to: scss/custom.scss
      write css/custom.css
      write css/custom.css.map
>>> Change detected to: scss/custom.scss
      write css/custom.css
      write css/custom.css.map
>>> Change detected to: scss/custom.scss
      write css/custom.css
      write css/custom.css.map
>>> Change detected to: scss/custom.scss
      write css/custom.css
      write css/custom.css.map
>>> Change detected to: scss/custom.scss
      write css/custom.css
      write css/custom.css.map
>>> Change detected to: scss/custom.scss
      write css/custom.css
      write css/custom.css.map
>>> Change detected to: scss/custom.scss
      write css/custom.css
      write css/custom.css.map
>>> Change detected to: scss/custom.scss
      write css/custom.css
      write css/custom.css.map
>>> Change detected to: scss/custom.scss
      write css/custom.css
      write css/custom.css.map
>>> Change detected to: scss/custom.scss
      write css/custom.css
      write css/custom.css.map
>>> Change detected to: scss/custom.scss
      write css/custom.css
      write css/custom.css.map
>>> Change detected to: scss/custom.scss
      write css/custom.css
      write css/custom.css.map
>>> Change detected to: scss/custom.scss
      write css/custom.css
      write css/custom.css.map
>>> Change detected to: scss/custom.scss
      write css/custom.css
      write css/custom.css.map
>>> Change detected to: scss/custom.scss
      write css/custom.css
      write css/custom.css.map
>>> Change detected to: scss/custom.scss
      write css/custom.css
      write css/custom.css.map
>>> Change detected to: scss/custom.scss
      write css/custom.css
      write css/custom.css.map
>>> Change detected to: scss/custom.scss
>>> Change detected to: scss/custom.scss
      write css/custom.css
      write css/custom.css.map
>>> Change detected to: scss/custom.scss
      write css/custom.css
      write css/custom.css.map
>>> Change detected to: scss/custom.scss
      write css/custom.css
      write css/custom.css.map
>>> Change detected to: scss/custom.scss
      write css/custom.css
      write css/custom.css.map
>>> Change detected to: scss/custom.scss
      write css/custom.css
      write css/custom.css.map
>>> Change detected to: scss/custom.scss
      write css/custom.css
      write css/custom.css.map
>>> Change detected to: scss/custom.scss
      write css/custom.css
      write css/custom.css.map
>>> Change detected to: scss/custom.scss
      write css/custom.css
      write css/custom.css.map
>>> Change detected to: scss/custom.scss
      write css/custom.css
      write css/custom.css.map
>>> Change detected to: scss/custom.scss
      write css/custom.css
      write css/custom.css.map
>>> Change detected to: scss/custom.scss
      write css/custom.css
      write css/custom.css.map
>>> Change detected to: scss/custom.scss
      write css/custom.css
      write css/custom.css.map
>>> Change detected to: scss/custom.scss
      write css/custom.css
      write css/custom.css.map
>>> Change detected to: scss/custom.scss
      write css/custom.css
      write css/custom.css.map
>>> Change detected to: scss/custom.scss
      write css/custom.css
      write css/custom.css.map
>>> Change detected to: scss/custom.scss
      write css/custom.css
      write css/custom.css.map
>>> Change detected to: scss/custom.scss
      write css/custom.css
      write css/custom.css.map
>>> Change detected to: scss/custom.scss
      write css/custom.css
      write css/custom.css.map
>>> Change detected to: scss/custom.scss
      write css/custom.css
      write css/custom.css.map
>>> Change detected to: scss/custom.scss
      write css/custom.css
      write css/custom.css.map
>>> Change detected to: scss/custom.scss
      write css/custom.css
      write css/custom.css.map
>>> Change detected to: scss/custom.scss
      write css/custom.css
      write css/custom.css.map
>>> Change detected to: scss/custom.scss
      write css/custom.css
      write css/custom.css.map
>>> Change detected to: scss/custom.scss
      write css/custom.css
      write css/custom.css.map
>>> Change detected to: scss/custom.scss
      write css/custom.css
      write css/custom.css.map
>>> Change detected to: scss/custom.scss
      write css/custom.css
      write css/custom.css.map
>>> Change detected to: scss/custom.scss
      write css/custom.css
      write css/custom.css.map
>>> Change detected to: scss/custom.scss
      write css/custom.css
      write css/custom.css.map
>>> Change detected to: scss/custom.scss
      write css/custom.css
      write css/custom.css.map
>>> Change detected to: scss/custom.scss
      write css/custom.css
      write css/custom.css.map
>>> Change detected to: scss/custom.scss
      write css/custom.css
      write css/custom.css.map
>>> Change detected to: scss/custom.scss
      write css/custom.css
      write css/custom.css.map
>>> Change detected to: scss/custom.scss
      write css/custom.css
      write css/custom.css.map
>>> Change detected to: scss/custom.scss
      write css/custom.css
      write css/custom.css.map
>>> Change detected to: scss/custom.scss
      write css/custom.css
      write css/custom.css.map
>>> Change detected to: scss/custom.scss
      write css/custom.css
      write css/custom.css.map
>>> Change detected to: scss/custom.scss
      write css/custom.css
      write css/custom.css.map
>>> Change detected to: scss/custom.scss
      write css/custom.css
      write css/custom.css.map
>>> Change detected to: scss/custom.scss
      write css/custom.css
      write css/custom.css.map
>>> Change detected to: scss/custom.scss
      write css/custom.css
      write css/custom.css.map
>>> Change detected to: scss/custom.scss
      write css/custom.css
      write css/custom.css.map
>>> Change detected to: scss/custom.scss
      write css/custom.css
      write css/custom.css.map
>>> Change detected to: scss/custom.scss
      write css/custom.css
      write css/custom.css.map
>>> Change detected to: scss/custom.scss
      write css/custom.css
      write css/custom.css.map
>>> Change detected to: scss/custom.scss
      write css/custom.css
      write css/custom.css.map
>>> Change detected to: scss/custom.scss
      write css/custom.css
      write css/custom.css.map
>>> Change detected to: scss/custom.scss
      write css/custom.css
      write css/custom.css.map
>>> Change detected to: scss/custom.scss
      write css/custom.css
      write css/custom.css.map
>>> Change detected to: scss/custom.scss
      write css/custom.css
      write css/custom.css.map
>>> Change detected to: scss/custom.scss
      write css/custom.css
      write css/custom.css.map
>>> Change detected to: scss/custom.scss
      write css/custom.css
      write css/custom.css.map
>>> Change detected to: scss/custom.scss
      write css/custom.css
      write css/custom.css.map
>>> Change detected to: scss/custom.scss
      write css/custom.css
      write css/custom.css.map
>>> Change detected to: scss/custom.scss
      write css/custom.css
      write css/custom.css.map
>>> Change detected to: scss/custom.scss
      write css/custom.css
      write css/custom.css.map
>>> Change detected to: scss/custom.scss
      write css/custom.css
      write css/custom.css.map
>>> Change detected to: scss/custom.scss
      write css/custom.css
      write css/custom.css.map
>>> Change detected to: scss/custom.scss
      write css/custom.css
      write css/custom.css.map
>>> Change detected to: scss/custom.scss
      write css/custom.css
      write css/custom.css.map
>>> Change detected to: scss/custom.scss
      write css/custom.css
      write css/custom.css.map
>>> Change detected to: scss/custom.scss
      write css/custom.css
      write css/custom.css.map
>>> Change detected to: scss/custom.scss
      write css/custom.css
      write css/custom.css.map
>>> Change detected to: scss/custom.scss
      write css/custom.css
      write css/custom.css.map
>>> Change detected to: scss/custom.scss
      write css/custom.css
      write css/custom.css.map
>>> Change detected to: scss/custom.scss
      write css/custom.css
      write css/custom.css.map
>>> Change detected to: scss/custom.scss
      write css/custom.css
      write css/custom.css.map
>>> Change detected to: scss/custom.scss
      write css/custom.css
      write css/custom.css.map
>>> Change detected to: scss/custom.scss
      write css/custom.css
      write css/custom.css.map
>>> Change detected to: scss/custom.scss
      write css/custom.css
      write css/custom.css.map
>>> Change detected to: scss/custom.scss
      write css/custom.css
      write css/custom.css.map
>>> Change detected to: scss/custom.scss
      write css/custom.css
      write css/custom.css.map
>>> Change detected to: scss/custom.scss
>>> Change detected to: scss/custom.scss
      write css/custom.css
      write css/custom.css.map
>>> Change detected to: scss/custom.scss
      write css/custom.css
      write css/custom.css.map
>>> Change detected to: scss/custom.scss
      write css/custom.css
      write css/custom.css.map
>>> Change detected to: scss/custom.scss
      write css/custom.css
      write css/custom.css.map
>>> Change detected to: scss/custom.scss
      write css/custom.css
      write css/custom.css.map
>>> Change detected to: scss/custom.scss
      write css/custom.css
      write css/custom.css.map
>>> Change detected to: scss/custom.scss
      write css/custom.css
      write css/custom.css.map
>>> Change detected to: scss/custom.scss
      write css/custom.css
      write css/custom.css.map
>>> Change detected to: scss/custom.scss
      write css/custom.css
      write css/custom.css.map
SignalException: SIGTERM
  Use --trace for backtrace.
>>> Sass is watching for changes. Press Ctrl-C to stop.
>>> Change detected to: scss/grayscale.scss
      write /blake/css/grayscale.css
      write /blake/css/grayscale.css.map
>>> Change detected to: scss/grayscale.scss
>>> Change detected to: scss/grayscale.scss
      write /blake/css/grayscale.css
      write /blake/css/grayscale.css.map
>>> Change detected to: scss/grayscale.scss
      write /blake/css/grayscale.css
      write /blake/css/grayscale.css.map
>>> New template detected: scss/mortgage-calculator.scss
      write /blake/css/mortgage-calculator.css
      write /blake/css/mortgage-calculator.css.map
>>> Change detected to: scss/mortgage-calculator.scss
>>> Change detected to: scss/mortgage-calculator.scss
      write /blake/css/mortgage-calculator.css
      write /blake/css/mortgage-calculator.css.map
>>> Change detected to: scss/mortgage-calculator.scss
      write /blake/css/mortgage-calculator.css
      write /blake/css/mortgage-calculator.css.map
>>> Change detected to: scss/mortgage-calculator.scss
      write /blake/css/mortgage-calculator.css
      write /blake/css/mortgage-calculator.css.map
>>> Change detected to: scss/custom.scss
      write /blake/css/custom.css
      write /blake/css/custom.css.map
>>> Change detected to: scss/mortgage-calculator.scss
      write /blake/css/mortgage-calculator.css
      write /blake/css/mortgage-calculator.css.map
>>> Change detected to: scss/mortgage-calculator.scss
      write /blake/css/mortgage-calculator.css
      write /blake/css/mortgage-calculator.css.map
>>> Change detected to: scss/mortgage-calculator.scss
      write /blake/css/mortgage-calculator.css
      write /blake/css/mortgage-calculator.css.map
>>> Change detected to: scss/mortgage-calculator.scss
      write /blake/css/mortgage-calculator.css
      write /blake/css/mortgage-calculator.css.map
>>> Change detected to: scss/mortgage-calculator.scss
      write /blake/css/mortgage-calculator.css
      write /blake/css/mortgage-calculator.css.map
>>> Change detected to: scss/mortgage-calculator.scss
      write /blake/css/mortgage-calculator.css
      write /blake/css/mortgage-calculator.css.map
>>> Change detected to: scss/mortgage-calculator.scss
      write /blake/css/mortgage-calculator.css
      write /blake/css/mortgage-calculator.css.map
>>> Change detected to: scss/mortgage-calculator.scss
      write /blake/css/mortgage-calculator.css
      write /blake/css/mortgage-calculator.css.map
>>> Change detected to: scss/mortgage-calculator.scss
      write /blake/css/mortgage-calculator.css
      write /blake/css/mortgage-calculator.css.map
>>> Change detected to: scss/mortgage-calculator.scss
      write /blake/css/mortgage-calculator.css
      write /blake/css/mortgage-calculator.css.map
>>> Change detected to: scss/mortgage-calculator.scss
      write /blake/css/mortgage-calculator.css
      write /blake/css/mortgage-calculator.css.map
>>> Change detected to: scss/mortgage-calculator.scss
      write /blake/css/mortgage-calculator.css
      write /blake/css/mortgage-calculator.css.map
>>> Change detected to: scss/mortgage-calculator.scss
      write /blake/css/mortgage-calculator.css
      write /blake/css/mortgage-calculator.css.map
>>> Change detected to: scss/mortgage-calculator.scss
      write /blake/css/mortgage-calculator.css
      write /blake/css/mortgage-calculator.css.map
>>> Change detected to: scss/mortgage-calculator.scss
      write /blake/css/mortgage-calculator.css
      write /blake/css/mortgage-calculator.css.map
>>> Change detected to: scss/mortgage-calculator.scss
      write /blake/css/mortgage-calculator.css
      write /blake/css/mortgage-calculator.css.map
>>> Change detected to: scss/mortgage-calculator.scss
      write /blake/css/mortgage-calculator.css
      write /blake/css/mortgage-calculator.css.map
>>> Change detected to: scss/mortgage-calculator.scss
      write /blake/css/mortgage-calculator.css
      write /blake/css/mortgage-calculator.css.map
>>> Change detected to: scss/mortgage-calculator.scss
      write /blake/css/mortgage-calculator.css
      write /blake/css/mortgage-calculator.css.map
>>> Change detected to: scss/mortgage-calculator.scss
      write /blake/css/mortgage-calculator.css
      write /blake/css/mortgage-calculator.css.map
>>> Change detected to: scss/mortgage-calculator.scss
      write /blake/css/mortgage-calculator.css
      write /blake/css/mortgage-calculator.css.map
>>> Change detected to: scss/mortgage-calculator.scss
      write /blake/css/mortgage-calculator.css
      write /blake/css/mortgage-calculator.css.map
>>> Change detected to: scss/mortgage-calculator.scss
      write /blake/css/mortgage-calculator.css
      write /blake/css/mortgage-calculator.css.map
>>> Change detected to: scss/mortgage-calculator.scss
      write /blake/css/mortgage-calculator.css
      write /blake/css/mortgage-calculator.css.map
>>> Change detected to: scss/mortgage-calculator.scss
>>> Change detected to: scss/mortgage-calculator.scss
      write /blake/css/mortgage-calculator.css
      write /blake/css/mortgage-calculator.css.map
>>> Change detected to: scss/mortgage-calculator.scss
      write /blake/css/mortgage-calculator.css
      write /blake/css/mortgage-calculator.css.map
>>> Change detected to: scss/mortgage-calculator.scss
      write /blake/css/mortgage-calculator.css
      write /blake/css/mortgage-calculator.css.map
>>> Change detected to: scss/mortgage-calculator.scss
      write /blake/css/mortgage-calculator.css
      write /blake/css/mortgage-calculator.css.map
>>> Change detected to: scss/mortgage-calculator.scss
      write /blake/css/mortgage-calculator.css
      write /blake/css/mortgage-calculator.css.map
>>> Change detected to: scss/mortgage-calculator.scss
      write /blake/css/mortgage-calculator.css
      write /blake/css/mortgage-calculator.css.map
>>> Change detected to: scss/mortgage-calculator.scss
      write /blake/css/mortgage-calculator.css
      write /blake/css/mortgage-calculator.css.map
>>> Change detected to: scss/mortgage-calculator.scss
      write /blake/css/mortgage-calculator.css
      write /blake/css/mortgage-calculator.css.map
>>> Change detected to: scss/mortgage-calculator.scss
      write /blake/css/mortgage-calculator.css
      write /blake/css/mortgage-calculator.css.map
>>> Change detected to: scss/mortgage-calculator.scss
      write /blake/css/mortgage-calculator.css
      write /blake/css/mortgage-calculator.css.map
>>> Change detected to: scss/mortgage-calculator.scss
      write /blake/css/mortgage-calculator.css
      write /blake/css/mortgage-calculator.css.map
>>> Change detected to: scss/mortgage-calculator.scss
      write /blake/css/mortgage-calculator.css
      write /blake/css/mortgage-calculator.css.map
>>> Change detected to: scss/mortgage-calculator.scss
      write /blake/css/mortgage-calculator.css
      write /blake/css/mortgage-calculator.css.map
>>> Change detected to: scss/mortgage-calculator.scss
      write /blake/css/mortgage-calculator.css
      write /blake/css/mortgage-calculator.css.map
>>> Change detected to: scss/mortgage-calculator.scss
      write /blake/css/mortgage-calculator.css
      write /blake/css/mortgage-calculator.css.map
>>> Change detected to: scss/mortgage-calculator.scss
      write /blake/css/mortgage-calculator.css
      write /blake/css/mortgage-calculator.css.map
>>> Change detected to: scss/mortgage-calculator.scss
      write /blake/css/mortgage-calculator.css
      write /blake/css/mortgage-calculator.css.map
>>> Change detected to: scss/mortgage-calculator.scss
      write /blake/css/mortgage-calculator.css
      write /blake/css/mortgage-calculator.css.map
>>> Change detected to: scss/mortgage-calculator.scss
      write /blake/css/mortgage-calculator.css
      write /blake/css/mortgage-calculator.css.map
>>> Change detected to: scss/mortgage-calculator.scss
      write /blake/css/mortgage-calculator.css
      write /blake/css/mortgage-calculator.css.map
>>> Change detected to: scss/mortgage-calculator.scss
      write /blake/css/mortgage-calculator.css
      write /blake/css/mortgage-calculator.css.map
>>> Change detected to: scss/mortgage-calculator.scss
      write /blake/css/mortgage-calculator.css
      write /blake/css/mortgage-calculator.css.map
>>> Change detected to: scss/mortgage-calculator.scss
      write /blake/css/mortgage-calculator.css
      write /blake/css/mortgage-calculator.css.map
>>> Change detected to: scss/mortgage-calculator.scss
      write /blake/css/mortgage-calculator.css
      write /blake/css/mortgage-calculator.css.map
>>> Change detected to: scss/mortgage-calculator.scss
      write /blake/css/mortgage-calculator.css
      write /blake/css/mortgage-calculator.css.map
>>> Change detected to: scss/mortgage-calculator.scss
      write /blake/css/mortgage-calculator.css
      write /blake/css/mortgage-calculator.css.map
>>> Change detected to: scss/mortgage-calculator.scss
      write /blake/css/mortgage-calculator.css
      write /blake/css/mortgage-calculator.css.map
>>> Change detected to: scss/mortgage-calculator.scss
      write /blake/css/mortgage-calculator.css
      write /blake/css/mortgage-calculator.css.map
>>> Change detected to: scss/mortgage-calculator.scss
>>> Change detected to: scss/mortgage-calculator.scss
      write /blake/css/mortgage-calculator.css
      write /blake/css/mortgage-calculator.css.map
>>> Change detected to: scss/mortgage-calculator.scss
>>> Change detected to: scss/mortgage-calculator.scss
      write /blake/css/mortgage-calculator.css
      write /blake/css/mortgage-calculator.css.map
>>> Change detected to: scss/mortgage-calculator.scss
      write /blake/css/mortgage-calculator.css
      write /blake/css/mortgage-calculator.css.map
>>> Change detected to: scss/mortgage-calculator.scss
      write /blake/css/mortgage-calculator.css
      write /blake/css/mortgage-calculator.css.map
SignalException: SIGTERM
  Use --trace for backtrace.
